2026-05-07 23:59:22.498 +07:00 [INF] === Stroke Prediction API starting ===
2026-05-07 23:59:27.247 +07:00 [INF] Supabase connection OK
2026-05-07 23:59:27.322 +07:00 [INF] Stroke Prediction API is running on http://localhost:5263
2026-05-07 23:59:27.378 +07:00 [INF] Now listening on: http://localhost:5263
2026-05-07 23:59:27.382 +07:00 [INF] Application started. Press Ctrl+C to shut down.
2026-05-07 23:59:27.384 +07:00 [INF] Hosting environment: Development
2026-05-07 23:59:27.385 +07:00 [INF] Content root path: C:\Users\PC ACER\OneDrive\Desktop\AI ML Engineer\Mini1\StrokePredictBackend\StrokePrediction.API
2026-05-07 23:59:55.758 +07:00 [INF] Request starting HTTP/1.1 POST http://localhost:5263/api/v1/auth/login - application/json; charset=utf-8 40
2026-05-07 23:59:55.799 +07:00 [INF] → POST /api/v1/auth/login | IP: ::1
2026-05-07 23:59:55.829 +07:00 [INF] Executing endpoint 'StrokePrediction.API.controllers.AuthController.Login (StrokePrediction.API)'
2026-05-07 23:59:55.862 +07:00 [INF] Route matched with {action = "Login", controller = "Auth"}. Executing controller action with signature System.Threading.Tasks.Task`1[Microsoft.AspNetCore.Mvc.IActionResult] Login(StrokePrediction.API.controllers.LoginRequest) on controller StrokePrediction.API.controllers.AuthController (StrokePrediction.API).
2026-05-07 23:59:57.543 +07:00 [INF] Executed DbCommand (223ms) [Parameters=[@__req_Username_0='?'], CommandType='"Text"', CommandTimeout='30']
SELECT u.id, u.created_at, u.email, u.full_name, u.is_active, u.last_login_at, u.password_hash, u.role, u.updated_at, u.username
FROM users AS u
WHERE u.username = @__req_Username_0
LIMIT 2
2026-05-07 23:59:57.985 +07:00 [INF] Executed DbCommand (136ms) [Parameters=[@p1='?' (DbType = Int32), @p0='?' (DbType = DateTime)], CommandType='"Text"', CommandTimeout='30']
UPDATE users SET last_login_at = @p0
WHERE id = @p1;
2026-05-07 23:59:58.341 +07:00 [ERR] Failed executing DbCommand (185ms) [Parameters=[@p0='?', @p1='?' (DbType = DateTime), @p2='?' (DbType = Object), @p3='?' (DbType = Int32), @p4='?', @p5='?', @p6='?' (DbType = Int32)], CommandType='"Text"', CommandTimeout='30']
INSERT INTO audit_logs (action, created_at, detail, entity_id, entity_type, ip_address, user_id)
VALUES (@p0, @p1, @p2, @p3, @p4, @p5, @p6)
RETURNING id;
2026-05-07 23:59:58.382 +07:00 [ERR] An exception occurred in the database while saving changes for context type 'StrokePrediction.Infrastructure.database.AppDbContext'.
Microsoft.EntityFrameworkCore.DbUpdateException: An error occurred while saving the entity changes. See the inner exception for details.
 ---> Npgsql.PostgresException (0x80004005): 42804: column "action" is of type audit_action_enum but expression is of type text

POSITION: 107
   at Npgsql.Internal.NpgsqlConnector.ReadMessageLong(Boolean async, DataRowLoadingMode dataRowLoadingMode, Boolean readingNotifications, Boolean isReadingPrependedMessage)
   at System.Runtime.CompilerServices.PoolingAsyncValueTaskMethodBuilder`1.StateMachineBox`1.System.Threading.Tasks.Sources.IValueTaskSource<TResult>.GetResult(Int16 token)
   at Npgsql.NpgsqlDataReader.NextResult(Boolean async, Boolean isConsuming, CancellationToken cancellationToken)
   at Npgsql.NpgsqlDataReader.NextResult(Boolean async, Boolean isConsuming, CancellationToken cancellationToken)
   at Npgsql.NpgsqlCommand.ExecuteReader(Boolean async, CommandBehavior behavior, CancellationToken cancellationToken)
   at Npgsql.NpgsqlCommand.ExecuteReader(Boolean async, CommandBehavior behavior, CancellationToken cancellationToken)
   at Npgsql.NpgsqlCommand.ExecuteDbDataReaderAsync(CommandBehavior behavior, CancellationToken cancellationToken)
   at Microsoft.EntityFrameworkCore.Storage.RelationalCommand.ExecuteReaderAsync(RelationalCommandParameterObject parameterObject, CancellationToken cancellationToken)
   at Microsoft.EntityFrameworkCore.Storage.RelationalCommand.ExecuteReaderAsync(RelationalCommandParameterObject parameterObject, CancellationToken cancellationToken)
   at Microsoft.EntityFrameworkCore.Update.ReaderModificationCommandBatch.ExecuteAsync(IRelationalConnection connection, CancellationToken cancellationToken)
  Exception data:
    Severity: ERROR
    SqlState: 42804
    MessageText: column "action" is of type audit_action_enum but expression is of type text
    Hint: You will need to rewrite or cast the expression.
    Position: 107
    File: parse_target.c
    Line: 585
    Routine: transformAssignedExpr
   --- End of inner exception stack trace ---
   at Microsoft.EntityFrameworkCore.Update.ReaderModificationCommandBatch.ExecuteAsync(IRelationalConnection connection, CancellationToken cancellationToken)
   at Microsoft.EntityFrameworkCore.Update.Internal.BatchExecutor.ExecuteAsync(IEnumerable`1 commandBatches, IRelationalConnection connection, CancellationToken cancellationToken)
   at Microsoft.EntityFrameworkCore.Update.Internal.BatchExecutor.ExecuteAsync(IEnumerable`1 commandBatches, IRelationalConnection connection, CancellationToken cancellationToken)
   at Microsoft.EntityFrameworkCore.Update.Internal.BatchExecutor.ExecuteAsync(IEnumerable`1 commandBatches, IRelationalConnection connection, CancellationToken cancellationToken)
   at Microsoft.EntityFrameworkCore.ChangeTracking.Internal.StateManager.SaveChangesAsync(IList`1 entriesToSave, CancellationToken cancellationToken)
   at Microsoft.EntityFrameworkCore.ChangeTracking.Internal.StateManager.SaveChangesAsync(StateManager stateManager, Boolean acceptAllChangesOnSuccess, CancellationToken cancellationToken)
   at Npgsql.EntityFrameworkCore.PostgreSQL.Storage.Internal.NpgsqlExecutionStrategy.ExecuteAsync[TState,TResult](TState state, Func`4 operation, Func`4 verifySucceeded, CancellationToken cancellationToken)
   at Microsoft.EntityFrameworkCore.DbContext.SaveChangesAsync(Boolean acceptAllChangesOnSuccess, CancellationToken cancellationToken)
Microsoft.EntityFrameworkCore.DbUpdateException: An error occurred while saving the entity changes. See the inner exception for details.
 ---> Npgsql.PostgresException (0x80004005): 42804: column "action" is of type audit_action_enum but expression is of type text

POSITION: 107
   at Npgsql.Internal.NpgsqlConnector.ReadMessageLong(Boolean async, DataRowLoadingMode dataRowLoadingMode, Boolean readingNotifications, Boolean isReadingPrependedMessage)
   at System.Runtime.CompilerServices.PoolingAsyncValueTaskMethodBuilder`1.StateMachineBox`1.System.Threading.Tasks.Sources.IValueTaskSource<TResult>.GetResult(Int16 token)
   at Npgsql.NpgsqlDataReader.NextResult(Boolean async, Boolean isConsuming, CancellationToken cancellationToken)
   at Npgsql.NpgsqlDataReader.NextResult(Boolean async, Boolean isConsuming, CancellationToken cancellationToken)
   at Npgsql.NpgsqlCommand.ExecuteReader(Boolean async, CommandBehavior behavior, CancellationToken cancellationToken)
   at Npgsql.NpgsqlCommand.ExecuteReader(Boolean async, CommandBehavior behavior, CancellationToken cancellationToken)
   at Npgsql.NpgsqlCommand.ExecuteDbDataReaderAsync(CommandBehavior behavior, CancellationToken cancellationToken)
   at Microsoft.EntityFrameworkCore.Storage.RelationalCommand.ExecuteReaderAsync(RelationalCommandParameterObject parameterObject, CancellationToken cancellationToken)
   at Microsoft.EntityFrameworkCore.Storage.RelationalCommand.ExecuteReaderAsync(RelationalCommandParameterObject parameterObject, CancellationToken cancellationToken)
   at Microsoft.EntityFrameworkCore.Update.ReaderModificationCommandBatch.ExecuteAsync(IRelationalConnection connection, CancellationToken cancellationToken)
  Exception data:
    Severity: ERROR
    SqlState: 42804
    MessageText: column "action" is of type audit_action_enum but expression is of type text
    Hint: You will need to rewrite or cast the expression.
    Position: 107
    File: parse_target.c
    Line: 585
    Routine: transformAssignedExpr
   --- End of inner exception stack trace ---
   at Microsoft.EntityFrameworkCore.Update.ReaderModificationCommandBatch.ExecuteAsync(IRelationalConnection connection, CancellationToken cancellationToken)
   at Microsoft.EntityFrameworkCore.Update.Internal.BatchExecutor.ExecuteAsync(IEnumerable`1 commandBatches, IRelationalConnection connection, CancellationToken cancellationToken)
   at Microsoft.EntityFrameworkCore.Update.Internal.BatchExecutor.ExecuteAsync(IEnumerable`1 commandBatches, IRelationalConnection connection, CancellationToken cancellationToken)
   at Microsoft.EntityFrameworkCore.Update.Internal.BatchExecutor.ExecuteAsync(IEnumerable`1 commandBatches, IRelationalConnection connection, CancellationToken cancellationToken)
   at Microsoft.EntityFrameworkCore.ChangeTracking.Internal.StateManager.SaveChangesAsync(IList`1 entriesToSave, CancellationToken cancellationToken)
   at Microsoft.EntityFrameworkCore.ChangeTracking.Internal.StateManager.SaveChangesAsync(StateManager stateManager, Boolean acceptAllChangesOnSuccess, CancellationToken cancellationToken)
   at Npgsql.EntityFrameworkCore.PostgreSQL.Storage.Internal.NpgsqlExecutionStrategy.ExecuteAsync[TState,TResult](TState state, Func`4 operation, Func`4 verifySucceeded, CancellationToken cancellationToken)
   at Microsoft.EntityFrameworkCore.DbContext.SaveChangesAsync(Boolean acceptAllChangesOnSuccess, CancellationToken cancellationToken)
2026-05-07 23:59:58.405 +07:00 [WRN] Failed to write audit log for /api/v1/auth/login
Microsoft.EntityFrameworkCore.DbUpdateException: An error occurred while saving the entity changes. See the inner exception for details.
 ---> Npgsql.PostgresException (0x80004005): 42804: column "action" is of type audit_action_enum but expression is of type text

POSITION: 107
   at Npgsql.Internal.NpgsqlConnector.ReadMessageLong(Boolean async, DataRowLoadingMode dataRowLoadingMode, Boolean readingNotifications, Boolean isReadingPrependedMessage)
   at System.Runtime.CompilerServices.PoolingAsyncValueTaskMethodBuilder`1.StateMachineBox`1.System.Threading.Tasks.Sources.IValueTaskSource<TResult>.GetResult(Int16 token)
   at Npgsql.NpgsqlDataReader.NextResult(Boolean async, Boolean isConsuming, CancellationToken cancellationToken)
   at Npgsql.NpgsqlDataReader.NextResult(Boolean async, Boolean isConsuming, CancellationToken cancellationToken)
   at Npgsql.NpgsqlCommand.ExecuteReader(Boolean async, CommandBehavior behavior, CancellationToken cancellationToken)
   at Npgsql.NpgsqlCommand.ExecuteReader(Boolean async, CommandBehavior behavior, CancellationToken cancellationToken)
   at Npgsql.NpgsqlCommand.ExecuteDbDataReaderAsync(CommandBehavior behavior, CancellationToken cancellationToken)
   at Microsoft.EntityFrameworkCore.Storage.RelationalCommand.ExecuteReaderAsync(RelationalCommandParameterObject parameterObject, CancellationToken cancellationToken)
   at Microsoft.EntityFrameworkCore.Storage.RelationalCommand.ExecuteReaderAsync(RelationalCommandParameterObject parameterObject, CancellationToken cancellationToken)
   at Microsoft.EntityFrameworkCore.Update.ReaderModificationCommandBatch.ExecuteAsync(IRelationalConnection connection, CancellationToken cancellationToken)
  Exception data:
    Severity: ERROR
    SqlState: 42804
    MessageText: column "action" is of type audit_action_enum but expression is of type text
    Hint: You will need to rewrite or cast the expression.
    Position: 107
    File: parse_target.c
    Line: 585
    Routine: transformAssignedExpr
   --- End of inner exception stack trace ---
   at Microsoft.EntityFrameworkCore.Update.ReaderModificationCommandBatch.ExecuteAsync(IRelationalConnection connection, CancellationToken cancellationToken)
   at Microsoft.EntityFrameworkCore.Update.Internal.BatchExecutor.ExecuteAsync(IEnumerable`1 commandBatches, IRelationalConnection connection, CancellationToken cancellationToken)
   at Microsoft.EntityFrameworkCore.Update.Internal.BatchExecutor.ExecuteAsync(IEnumerable`1 commandBatches, IRelationalConnection connection, CancellationToken cancellationToken)
   at Microsoft.EntityFrameworkCore.Update.Internal.BatchExecutor.ExecuteAsync(IEnumerable`1 commandBatches, IRelationalConnection connection, CancellationToken cancellationToken)
   at Microsoft.EntityFrameworkCore.ChangeTracking.Internal.StateManager.SaveChangesAsync(IList`1 entriesToSave, CancellationToken cancellationToken)
   at Microsoft.EntityFrameworkCore.ChangeTracking.Internal.StateManager.SaveChangesAsync(StateManager stateManager, Boolean acceptAllChangesOnSuccess, CancellationToken cancellationToken)
   at Npgsql.EntityFrameworkCore.PostgreSQL.Storage.Internal.NpgsqlExecutionStrategy.ExecuteAsync[TState,TResult](TState state, Func`4 operation, Func`4 verifySucceeded, CancellationToken cancellationToken)
   at Microsoft.EntityFrameworkCore.DbContext.SaveChangesAsync(Boolean acceptAllChangesOnSuccess, CancellationToken cancellationToken)
   at Microsoft.EntityFrameworkCore.DbContext.SaveChangesAsync(Boolean acceptAllChangesOnSuccess, CancellationToken cancellationToken)
   at StrokePrediction.Infrastructure.repositories.AuditRepository.LogAsync(Nullable`1 userId, AuditAction action, String entityType, Nullable`1 entityId, String detail, String ipAddress, CancellationToken ct) in C:\Users\PC ACER\OneDrive\Desktop\AI ML Engineer\Mini1\StrokePredictBackend\StrokePrediction.Infrastructure\repositories\AuditRepository.cs:line 33
   at StrokePrediction.API.filters.GlobalAuditFilter.LogActionAsync(ActionExecutingContext context, Object resultValue) in C:\Users\PC ACER\OneDrive\Desktop\AI ML Engineer\Mini1\StrokePredictBackend\StrokePrediction.API\filters\GlobalAuditFilter.cs:line 95
   at StrokePrediction.API.filters.GlobalAuditFilter.OnActionExecutionAsync(ActionExecutingContext context, ActionExecutionDelegate next) in C:\Users\PC ACER\OneDrive\Desktop\AI ML Engineer\Mini1\StrokePredictBackend\StrokePrediction.API\filters\GlobalAuditFilter.cs:line 34
2026-05-07 23:59:58.444 +07:00 [INF] Executing OkObjectResult, writing value of type '<>f__AnonymousType1`5[[System.Int32, System.Private.CoreLib, Version=8.0.0.0, Culture=neutral, PublicKeyToken=7cec85d7bea7798e],[System.String, System.Private.CoreLib, Version=8.0.0.0, Culture=neutral, PublicKeyToken=7cec85d7bea7798e],[System.String, System.Private.CoreLib, Version=8.0.0.0, Culture=neutral, PublicKeyToken=7cec85d7bea7798e],[StrokePrediction.Core.entities.UserRole, StrokePrediction.Core, Version=1.0.0.0, Culture=neutral, PublicKeyToken=null],[System.String, System.Private.CoreLib, Version=8.0.0.0, Culture=neutral, PublicKeyToken=7cec85d7bea7798e]]'.
2026-05-07 23:59:58.463 +07:00 [INF] Executed action StrokePrediction.API.controllers.AuthController.Login (StrokePrediction.API) in 2592.9841ms
2026-05-07 23:59:58.467 +07:00 [INF] Executed endpoint 'StrokePrediction.API.controllers.AuthController.Login (StrokePrediction.API)'
2026-05-07 23:59:58.471 +07:00 [INF] ← POST /api/v1/auth/login | 200 | 2676ms
2026-05-07 23:59:58.482 +07:00 [INF] Request finished HTTP/1.1 POST http://localhost:5263/api/v1/auth/login - 200 null application/json; charset=utf-8 2725.3065ms
