2026-05-06 16:13:42.715 +07:00 [INF] === Stroke Prediction API starting ===
2026-05-06 16:13:49.676 +07:00 [INF] Supabase connection OK
2026-05-06 16:13:49.790 +07:00 [INF] Stroke Prediction API is running on http://localhost:5263
2026-05-06 16:13:49.862 +07:00 [INF] Now listening on: http://localhost:5263
2026-05-06 16:13:49.866 +07:00 [INF] Application started. Press Ctrl+C to shut down.
2026-05-06 16:13:49.867 +07:00 [INF] Hosting environment: Development
2026-05-06 16:13:49.869 +07:00 [INF] Content root path: C:\Users\PC ACER\OneDrive\Desktop\AI ML Engineer\Mini1\StrokePredictBackend\StrokePrediction.API
2026-05-06 16:13:59.608 +07:00 [INF] Request starting HTTP/1.1 POST http://localhost:5263/api/v1/auth/login - application/json; charset=utf-8 40
2026-05-06 16:13:59.643 +07:00 [INF] → POST /api/v1/auth/login | IP: ::1
2026-05-06 16:13:59.658 +07:00 [INF] Executing endpoint 'StrokePrediction.API.controllers.AuthController.Login (StrokePrediction.API)'
2026-05-06 16:13:59.681 +07:00 [INF] Route matched with {action = "Login", controller = "Auth"}. Executing controller action with signature System.Threading.Tasks.Task`1[Microsoft.AspNetCore.Mvc.IActionResult] Login(StrokePrediction.API.controllers.LoginRequest) on controller StrokePrediction.API.controllers.AuthController (StrokePrediction.API).
2026-05-06 16:14:05.677 +07:00 [INF] Executed DbCommand (722ms) [Parameters=[@__req_Username_0='?'], CommandType='"Text"', CommandTimeout='30']
SELECT u.id, u.created_at, u.email, u.full_name, u.is_active, u.last_login_at, u.password_hash, u.role, u.updated_at, u.username
FROM users AS u
WHERE u.username = @__req_Username_0
LIMIT 2
2026-05-06 16:14:06.374 +07:00 [INF] Executed DbCommand (475ms) [Parameters=[@p1='?' (DbType = Int32), @p0='?' (DbType = DateTime)], CommandType='"Text"', CommandTimeout='30']
UPDATE users SET last_login_at = @p0
WHERE id = @p1;
2026-05-06 16:14:07.051 +07:00 [ERR] Failed executing DbCommand (596ms) [Parameters=[@p0='?', @p1='?' (DbType = DateTime), @p2='?' (DbType = Object), @p3='?' (DbType = Int32), @p4='?', @p5='?', @p6='?' (DbType = Int32)], CommandType='"Text"', CommandTimeout='30']
INSERT INTO audit_logs (action, created_at, detail, entity_id, entity_type, ip_address, user_id)
VALUES (@p0, @p1, @p2, @p3, @p4, @p5, @p6)
RETURNING id;
2026-05-06 16:14:07.082 +07:00 [ERR] An exception occurred in the database while saving changes for context type 'StrokePrediction.Infrastructure.database.AppDbContext'.
Microsoft.EntityFrameworkCore.DbUpdateException: An error occurred while saving the entity changes. See the inner exception for details.
 ---> Npgsql.PostgresException (0x80004005): 42804: column "action" is of type audit_action_enum but expression is of type text

POSITION: 107
   at Npgsql.Internal.NpgsqlConnector.ReadMessageLong(Boolean async, DataRowLoadingMode dataRowLoadingMode, Boolean readingNotifications, Boolean isReadingPrependedMessage)
   at System.Runtime.CompilerServices.PoolingAsyncValueTaskMethodBuilder`1.StateMachineBox`1.System.Threading.Tasks.Sources.IValueTaskSource<TResult>.GetResult(Int16 token)
   at Npgsql.NpgsqlDataReader.NextResult(Boolean async, Boolean isConsuming, CancellationToken cancellationToken)
   at Npgsql.NpgsqlDataReader.NextResult(Boolean async, Boolean isConsuming, CancellationToken cancellationToken)
   at Npgsql.NpgsqlCommand.ExecuteReader(Boolean async, CommandBehavior behavior, CancellationToken cancellationToken)
   at Npgsql.NpgsqlCommand.ExecuteReader(Boolean async, CommandBehavior behavior, CancellationToken cancellationToken)
   at Npgsql.NpgsqlCommand.ExecuteDbDataReaderAsync(CommandBehavior behavior, CancellationToken cancellationToken)
   at Microsoft.EntityFrameworkCore.Storage.RelationalCommand.ExecuteReaderAsync(RelationalCommandParameterObject parameterObject, CancellationToken cancellationToken)
   at Microsoft.EntityFrameworkCore.Storage.RelationalCommand.ExecuteReaderAsync(RelationalCommandParameterObject parameterObject, CancellationToken cancellationToken)
   at Microsoft.EntityFrameworkCore.Update.ReaderModificationCommandBatch.ExecuteAsync(IRelationalConnection connection, CancellationToken cancellationToken)
  Exception data:
    Severity: ERROR
    SqlState: 42804
    MessageText: column "action" is of type audit_action_enum but expression is of type text
    Hint: You will need to rewrite or cast the expression.
    Position: 107
    File: parse_target.c
    Line: 585
    Routine: transformAssignedExpr
   --- End of inner exception stack trace ---
   at Microsoft.EntityFrameworkCore.Update.ReaderModificationCommandBatch.ExecuteAsync(IRelationalConnection connection, CancellationToken cancellationToken)
   at Microsoft.EntityFrameworkCore.Update.Internal.BatchExecutor.ExecuteAsync(IEnumerable`1 commandBatches, IRelationalConnection connection, CancellationToken cancellationToken)
   at Microsoft.EntityFrameworkCore.Update.Internal.BatchExecutor.ExecuteAsync(IEnumerable`1 commandBatches, IRelationalConnection connection, CancellationToken cancellationToken)
   at Microsoft.EntityFrameworkCore.Update.Internal.BatchExecutor.ExecuteAsync(IEnumerable`1 commandBatches, IRelationalConnection connection, CancellationToken cancellationToken)
   at Microsoft.EntityFrameworkCore.ChangeTracking.Internal.StateManager.SaveChangesAsync(IList`1 entriesToSave, CancellationToken cancellationToken)
   at Microsoft.EntityFrameworkCore.ChangeTracking.Internal.StateManager.SaveChangesAsync(StateManager stateManager, Boolean acceptAllChangesOnSuccess, CancellationToken cancellationToken)
   at Npgsql.EntityFrameworkCore.PostgreSQL.Storage.Internal.NpgsqlExecutionStrategy.ExecuteAsync[TState,TResult](TState state, Func`4 operation, Func`4 verifySucceeded, CancellationToken cancellationToken)
   at Microsoft.EntityFrameworkCore.DbContext.SaveChangesAsync(Boolean acceptAllChangesOnSuccess, CancellationToken cancellationToken)
Microsoft.EntityFrameworkCore.DbUpdateException: An error occurred while saving the entity changes. See the inner exception for details.
 ---> Npgsql.PostgresException (0x80004005): 42804: column "action" is of type audit_action_enum but expression is of type text

POSITION: 107
   at Npgsql.Internal.NpgsqlConnector.ReadMessageLong(Boolean async, DataRowLoadingMode dataRowLoadingMode, Boolean readingNotifications, Boolean isReadingPrependedMessage)
   at System.Runtime.CompilerServices.PoolingAsyncValueTaskMethodBuilder`1.StateMachineBox`1.System.Threading.Tasks.Sources.IValueTaskSource<TResult>.GetResult(Int16 token)
   at Npgsql.NpgsqlDataReader.NextResult(Boolean async, Boolean isConsuming, CancellationToken cancellationToken)
   at Npgsql.NpgsqlDataReader.NextResult(Boolean async, Boolean isConsuming, CancellationToken cancellationToken)
   at Npgsql.NpgsqlCommand.ExecuteReader(Boolean async, CommandBehavior behavior, CancellationToken cancellationToken)
   at Npgsql.NpgsqlCommand.ExecuteReader(Boolean async, CommandBehavior behavior, CancellationToken cancellationToken)
   at Npgsql.NpgsqlCommand.ExecuteDbDataReaderAsync(CommandBehavior behavior, CancellationToken cancellationToken)
   at Microsoft.EntityFrameworkCore.Storage.RelationalCommand.ExecuteReaderAsync(RelationalCommandParameterObject parameterObject, CancellationToken cancellationToken)
   at Microsoft.EntityFrameworkCore.Storage.RelationalCommand.ExecuteReaderAsync(RelationalCommandParameterObject parameterObject, CancellationToken cancellationToken)
   at Microsoft.EntityFrameworkCore.Update.ReaderModificationCommandBatch.ExecuteAsync(IRelationalConnection connection, CancellationToken cancellationToken)
  Exception data:
    Severity: ERROR
    SqlState: 42804
    MessageText: column "action" is of type audit_action_enum but expression is of type text
    Hint: You will need to rewrite or cast the expression.
    Position: 107
    File: parse_target.c
    Line: 585
    Routine: transformAssignedExpr
   --- End of inner exception stack trace ---
   at Microsoft.EntityFrameworkCore.Update.ReaderModificationCommandBatch.ExecuteAsync(IRelationalConnection connection, CancellationToken cancellationToken)
   at Microsoft.EntityFrameworkCore.Update.Internal.BatchExecutor.ExecuteAsync(IEnumerable`1 commandBatches, IRelationalConnection connection, CancellationToken cancellationToken)
   at Microsoft.EntityFrameworkCore.Update.Internal.BatchExecutor.ExecuteAsync(IEnumerable`1 commandBatches, IRelationalConnection connection, CancellationToken cancellationToken)
   at Microsoft.EntityFrameworkCore.Update.Internal.BatchExecutor.ExecuteAsync(IEnumerable`1 commandBatches, IRelationalConnection connection, CancellationToken cancellationToken)
   at Microsoft.EntityFrameworkCore.ChangeTracking.Internal.StateManager.SaveChangesAsync(IList`1 entriesToSave, CancellationToken cancellationToken)
   at Microsoft.EntityFrameworkCore.ChangeTracking.Internal.StateManager.SaveChangesAsync(StateManager stateManager, Boolean acceptAllChangesOnSuccess, CancellationToken cancellationToken)
   at Npgsql.EntityFrameworkCore.PostgreSQL.Storage.Internal.NpgsqlExecutionStrategy.ExecuteAsync[TState,TResult](TState state, Func`4 operation, Func`4 verifySucceeded, CancellationToken cancellationToken)
   at Microsoft.EntityFrameworkCore.DbContext.SaveChangesAsync(Boolean acceptAllChangesOnSuccess, CancellationToken cancellationToken)
2026-05-06 16:14:07.094 +07:00 [WRN] Failed to write audit log for /api/v1/auth/login
Microsoft.EntityFrameworkCore.DbUpdateException: An error occurred while saving the entity changes. See the inner exception for details.
 ---> Npgsql.PostgresException (0x80004005): 42804: column "action" is of type audit_action_enum but expression is of type text

POSITION: 107
   at Npgsql.Internal.NpgsqlConnector.ReadMessageLong(Boolean async, DataRowLoadingMode dataRowLoadingMode, Boolean readingNotifications, Boolean isReadingPrependedMessage)
   at System.Runtime.CompilerServices.PoolingAsyncValueTaskMethodBuilder`1.StateMachineBox`1.System.Threading.Tasks.Sources.IValueTaskSource<TResult>.GetResult(Int16 token)
   at Npgsql.NpgsqlDataReader.NextResult(Boolean async, Boolean isConsuming, CancellationToken cancellationToken)
   at Npgsql.NpgsqlDataReader.NextResult(Boolean async, Boolean isConsuming, CancellationToken cancellationToken)
   at Npgsql.NpgsqlCommand.ExecuteReader(Boolean async, CommandBehavior behavior, CancellationToken cancellationToken)
   at Npgsql.NpgsqlCommand.ExecuteReader(Boolean async, CommandBehavior behavior, CancellationToken cancellationToken)
   at Npgsql.NpgsqlCommand.ExecuteDbDataReaderAsync(CommandBehavior behavior, CancellationToken cancellationToken)
   at Microsoft.EntityFrameworkCore.Storage.RelationalCommand.ExecuteReaderAsync(RelationalCommandParameterObject parameterObject, CancellationToken cancellationToken)
   at Microsoft.EntityFrameworkCore.Storage.RelationalCommand.ExecuteReaderAsync(RelationalCommandParameterObject parameterObject, CancellationToken cancellationToken)
   at Microsoft.EntityFrameworkCore.Update.ReaderModificationCommandBatch.ExecuteAsync(IRelationalConnection connection, CancellationToken cancellationToken)
  Exception data:
    Severity: ERROR
    SqlState: 42804
    MessageText: column "action" is of type audit_action_enum but expression is of type text
    Hint: You will need to rewrite or cast the expression.
    Position: 107
    File: parse_target.c
    Line: 585
    Routine: transformAssignedExpr
   --- End of inner exception stack trace ---
   at Microsoft.EntityFrameworkCore.Update.ReaderModificationCommandBatch.ExecuteAsync(IRelationalConnection connection, CancellationToken cancellationToken)
   at Microsoft.EntityFrameworkCore.Update.Internal.BatchExecutor.ExecuteAsync(IEnumerable`1 commandBatches, IRelationalConnection connection, CancellationToken cancellationToken)
   at Microsoft.EntityFrameworkCore.Update.Internal.BatchExecutor.ExecuteAsync(IEnumerable`1 commandBatches, IRelationalConnection connection, CancellationToken cancellationToken)
   at Microsoft.EntityFrameworkCore.Update.Internal.BatchExecutor.ExecuteAsync(IEnumerable`1 commandBatches, IRelationalConnection connection, CancellationToken cancellationToken)
   at Microsoft.EntityFrameworkCore.ChangeTracking.Internal.StateManager.SaveChangesAsync(IList`1 entriesToSave, CancellationToken cancellationToken)
   at Microsoft.EntityFrameworkCore.ChangeTracking.Internal.StateManager.SaveChangesAsync(StateManager stateManager, Boolean acceptAllChangesOnSuccess, CancellationToken cancellationToken)
   at Npgsql.EntityFrameworkCore.PostgreSQL.Storage.Internal.NpgsqlExecutionStrategy.ExecuteAsync[TState,TResult](TState state, Func`4 operation, Func`4 verifySucceeded, CancellationToken cancellationToken)
   at Microsoft.EntityFrameworkCore.DbContext.SaveChangesAsync(Boolean acceptAllChangesOnSuccess, CancellationToken cancellationToken)
   at Microsoft.EntityFrameworkCore.DbContext.SaveChangesAsync(Boolean acceptAllChangesOnSuccess, CancellationToken cancellationToken)
   at StrokePrediction.Infrastructure.repositories.AuditRepository.LogAsync(Nullable`1 userId, AuditAction action, String entityType, Nullable`1 entityId, String detail, String ipAddress, CancellationToken ct) in C:\Users\PC ACER\OneDrive\Desktop\AI ML Engineer\Mini1\StrokePredictBackend\StrokePrediction.Infrastructure\repositories\AuditRepository.cs:line 33
   at StrokePrediction.API.filters.GlobalAuditFilter.LogActionAsync(ActionExecutingContext context, Object resultValue) in C:\Users\PC ACER\OneDrive\Desktop\AI ML Engineer\Mini1\StrokePredictBackend\StrokePrediction.API\filters\GlobalAuditFilter.cs:line 95
   at StrokePrediction.API.filters.GlobalAuditFilter.OnActionExecutionAsync(ActionExecutingContext context, ActionExecutionDelegate next) in C:\Users\PC ACER\OneDrive\Desktop\AI ML Engineer\Mini1\StrokePredictBackend\StrokePrediction.API\filters\GlobalAuditFilter.cs:line 34
2026-05-06 16:14:07.112 +07:00 [INF] Executing OkObjectResult, writing value of type '<>f__AnonymousType1`5[[System.Int32, System.Private.CoreLib, Version=8.0.0.0, Culture=neutral, PublicKeyToken=7cec85d7bea7798e],[System.String, System.Private.CoreLib, Version=8.0.0.0, Culture=neutral, PublicKeyToken=7cec85d7bea7798e],[System.String, System.Private.CoreLib, Version=8.0.0.0, Culture=neutral, PublicKeyToken=7cec85d7bea7798e],[StrokePrediction.Core.entities.UserRole, StrokePrediction.Core, Version=1.0.0.0, Culture=neutral, PublicKeyToken=null],[System.String, System.Private.CoreLib, Version=8.0.0.0, Culture=neutral, PublicKeyToken=7cec85d7bea7798e]]'.
2026-05-06 16:14:07.121 +07:00 [INF] Executed action StrokePrediction.API.controllers.AuthController.Login (StrokePrediction.API) in 7433.1354ms
2026-05-06 16:14:07.125 +07:00 [INF] Executed endpoint 'StrokePrediction.API.controllers.AuthController.Login (StrokePrediction.API)'
2026-05-06 16:14:07.127 +07:00 [INF] ← POST /api/v1/auth/login | 200 | 7493ms
2026-05-06 16:14:07.134 +07:00 [INF] Request finished HTTP/1.1 POST http://localhost:5263/api/v1/auth/login - 200 null application/json; charset=utf-8 7527.6446ms
2026-05-06 16:14:07.188 +07:00 [INF] Request starting HTTP/1.1 GET http://localhost:5263/api/v1/stats/dashboard - null null
2026-05-06 16:14:07.193 +07:00 [INF] → GET /api/v1/stats/dashboard | IP: ::1
2026-05-06 16:14:07.200 +07:00 [INF] Executing endpoint 'StrokePrediction.API.controllers.StatsController.GetDashboardStats (StrokePrediction.API)'
2026-05-06 16:14:07.206 +07:00 [INF] Route matched with {action = "GetDashboardStats", controller = "Stats"}. Executing controller action with signature System.Threading.Tasks.Task`1[Microsoft.AspNetCore.Mvc.IActionResult] GetDashboardStats() on controller StrokePrediction.API.controllers.StatsController (StrokePrediction.API).
2026-05-06 16:14:07.953 +07:00 [INF] Executed DbCommand (654ms) [Parameters=[], CommandType='"Text"', CommandTimeout='30']
SELECT count(*)::int
FROM predictions AS p
2026-05-06 16:14:08.416 +07:00 [INF] Executed DbCommand (455ms) [Parameters=[], CommandType='"Text"', CommandTimeout='30']
SELECT count(*)::int
FROM predictions AS p
WHERE p.prediction = 1
2026-05-06 16:14:08.644 +07:00 [INF] Executed DbCommand (176ms) [Parameters=[@__p_0='?' (DbType = Int32)], CommandType='"Text"', CommandTimeout='30']
SELECT t.id AS "Id", p0.patient_code AS "PatientCode", CASE
    WHEN t.prediction = 1 THEN 'Nguy cơ Đột quỵ'
    ELSE 'Bình thường'
END AS "Result", t.probability AS "Probability", t.created_at AS "CreatedAt"
FROM (
    SELECT p.id, p.created_at, p.patient_id, p.prediction, p.probability
    FROM predictions AS p
    ORDER BY p.created_at DESC
    LIMIT @__p_0
) AS t
INNER JOIN patients AS p0 ON t.patient_id = p0.id
ORDER BY t.created_at DESC
2026-05-06 16:14:08.866 +07:00 [ERR] Failed executing DbCommand (217ms) [Parameters=[@p0='?', @p1='?' (DbType = DateTime), @p2='?' (DbType = Object), @p3='?' (DbType = Int32), @p4='?', @p5='?', @p6='?' (DbType = Int32)], CommandType='"Text"', CommandTimeout='30']
INSERT INTO audit_logs (action, created_at, detail, entity_id, entity_type, ip_address, user_id)
VALUES (@p0, @p1, @p2, @p3, @p4, @p5, @p6)
RETURNING id;
2026-05-06 16:14:08.874 +07:00 [ERR] An exception occurred in the database while saving changes for context type 'StrokePrediction.Infrastructure.database.AppDbContext'.
Microsoft.EntityFrameworkCore.DbUpdateException: An error occurred while saving the entity changes. See the inner exception for details.
 ---> Npgsql.PostgresException (0x80004005): 42804: column "action" is of type audit_action_enum but expression is of type text

POSITION: 107
   at Npgsql.Internal.NpgsqlConnector.ReadMessageLong(Boolean async, DataRowLoadingMode dataRowLoadingMode, Boolean readingNotifications, Boolean isReadingPrependedMessage)
   at System.Runtime.CompilerServices.PoolingAsyncValueTaskMethodBuilder`1.StateMachineBox`1.System.Threading.Tasks.Sources.IValueTaskSource<TResult>.GetResult(Int16 token)
   at Npgsql.NpgsqlDataReader.NextResult(Boolean async, Boolean isConsuming, CancellationToken cancellationToken)
   at Npgsql.NpgsqlDataReader.NextResult(Boolean async, Boolean isConsuming, CancellationToken cancellationToken)
   at Npgsql.NpgsqlCommand.ExecuteReader(Boolean async, CommandBehavior behavior, CancellationToken cancellationToken)
   at Npgsql.NpgsqlCommand.ExecuteReader(Boolean async, CommandBehavior behavior, CancellationToken cancellationToken)
   at Npgsql.NpgsqlCommand.ExecuteDbDataReaderAsync(CommandBehavior behavior, CancellationToken cancellationToken)
   at Microsoft.EntityFrameworkCore.Storage.RelationalCommand.ExecuteReaderAsync(RelationalCommandParameterObject parameterObject, CancellationToken cancellationToken)
   at Microsoft.EntityFrameworkCore.Storage.RelationalCommand.ExecuteReaderAsync(RelationalCommandParameterObject parameterObject, CancellationToken cancellationToken)
   at Microsoft.EntityFrameworkCore.Update.ReaderModificationCommandBatch.ExecuteAsync(IRelationalConnection connection, CancellationToken cancellationToken)
  Exception data:
    Severity: ERROR
    SqlState: 42804
    MessageText: column "action" is of type audit_action_enum but expression is of type text
    Hint: You will need to rewrite or cast the expression.
    Position: 107
    File: parse_target.c
    Line: 585
    Routine: transformAssignedExpr
   --- End of inner exception stack trace ---
   at Microsoft.EntityFrameworkCore.Update.ReaderModificationCommandBatch.ExecuteAsync(IRelationalConnection connection, CancellationToken cancellationToken)
   at Microsoft.EntityFrameworkCore.Update.Internal.BatchExecutor.ExecuteAsync(IEnumerable`1 commandBatches, IRelationalConnection connection, CancellationToken cancellationToken)
   at Microsoft.EntityFrameworkCore.Update.Internal.BatchExecutor.ExecuteAsync(IEnumerable`1 commandBatches, IRelationalConnection connection, CancellationToken cancellationToken)
   at Microsoft.EntityFrameworkCore.Update.Internal.BatchExecutor.ExecuteAsync(IEnumerable`1 commandBatches, IRelationalConnection connection, CancellationToken cancellationToken)
   at Microsoft.EntityFrameworkCore.ChangeTracking.Internal.StateManager.SaveChangesAsync(IList`1 entriesToSave, CancellationToken cancellationToken)
   at Microsoft.EntityFrameworkCore.ChangeTracking.Internal.StateManager.SaveChangesAsync(StateManager stateManager, Boolean acceptAllChangesOnSuccess, CancellationToken cancellationToken)
   at Npgsql.EntityFrameworkCore.PostgreSQL.Storage.Internal.NpgsqlExecutionStrategy.ExecuteAsync[TState,TResult](TState state, Func`4 operation, Func`4 verifySucceeded, CancellationToken cancellationToken)
   at Microsoft.EntityFrameworkCore.DbContext.SaveChangesAsync(Boolean acceptAllChangesOnSuccess, CancellationToken cancellationToken)
Microsoft.EntityFrameworkCore.DbUpdateException: An error occurred while saving the entity changes. See the inner exception for details.
 ---> Npgsql.PostgresException (0x80004005): 42804: column "action" is of type audit_action_enum but expression is of type text

POSITION: 107
   at Npgsql.Internal.NpgsqlConnector.ReadMessageLong(Boolean async, DataRowLoadingMode dataRowLoadingMode, Boolean readingNotifications, Boolean isReadingPrependedMessage)
   at System.Runtime.CompilerServices.PoolingAsyncValueTaskMethodBuilder`1.StateMachineBox`1.System.Threading.Tasks.Sources.IValueTaskSource<TResult>.GetResult(Int16 token)
   at Npgsql.NpgsqlDataReader.NextResult(Boolean async, Boolean isConsuming, CancellationToken cancellationToken)
   at Npgsql.NpgsqlDataReader.NextResult(Boolean async, Boolean isConsuming, CancellationToken cancellationToken)
   at Npgsql.NpgsqlCommand.ExecuteReader(Boolean async, CommandBehavior behavior, CancellationToken cancellationToken)
   at Npgsql.NpgsqlCommand.ExecuteReader(Boolean async, CommandBehavior behavior, CancellationToken cancellationToken)
   at Npgsql.NpgsqlCommand.ExecuteDbDataReaderAsync(CommandBehavior behavior, CancellationToken cancellationToken)
   at Microsoft.EntityFrameworkCore.Storage.RelationalCommand.ExecuteReaderAsync(RelationalCommandParameterObject parameterObject, CancellationToken cancellationToken)
   at Microsoft.EntityFrameworkCore.Storage.RelationalCommand.ExecuteReaderAsync(RelationalCommandParameterObject parameterObject, CancellationToken cancellationToken)
   at Microsoft.EntityFrameworkCore.Update.ReaderModificationCommandBatch.ExecuteAsync(IRelationalConnection connection, CancellationToken cancellationToken)
  Exception data:
    Severity: ERROR
    SqlState: 42804
    MessageText: column "action" is of type audit_action_enum but expression is of type text
    Hint: You will need to rewrite or cast the expression.
    Position: 107
    File: parse_target.c
    Line: 585
    Routine: transformAssignedExpr
   --- End of inner exception stack trace ---
   at Microsoft.EntityFrameworkCore.Update.ReaderModificationCommandBatch.ExecuteAsync(IRelationalConnection connection, CancellationToken cancellationToken)
   at Microsoft.EntityFrameworkCore.Update.Internal.BatchExecutor.ExecuteAsync(IEnumerable`1 commandBatches, IRelationalConnection connection, CancellationToken cancellationToken)
   at Microsoft.EntityFrameworkCore.Update.Internal.BatchExecutor.ExecuteAsync(IEnumerable`1 commandBatches, IRelationalConnection connection, CancellationToken cancellationToken)
   at Microsoft.EntityFrameworkCore.Update.Internal.BatchExecutor.ExecuteAsync(IEnumerable`1 commandBatches, IRelationalConnection connection, CancellationToken cancellationToken)
   at Microsoft.EntityFrameworkCore.ChangeTracking.Internal.StateManager.SaveChangesAsync(IList`1 entriesToSave, CancellationToken cancellationToken)
   at Microsoft.EntityFrameworkCore.ChangeTracking.Internal.StateManager.SaveChangesAsync(StateManager stateManager, Boolean acceptAllChangesOnSuccess, CancellationToken cancellationToken)
   at Npgsql.EntityFrameworkCore.PostgreSQL.Storage.Internal.NpgsqlExecutionStrategy.ExecuteAsync[TState,TResult](TState state, Func`4 operation, Func`4 verifySucceeded, CancellationToken cancellationToken)
   at Microsoft.EntityFrameworkCore.DbContext.SaveChangesAsync(Boolean acceptAllChangesOnSuccess, CancellationToken cancellationToken)
2026-05-06 16:14:08.886 +07:00 [WRN] Failed to write audit log for /api/v1/stats/dashboard
Microsoft.EntityFrameworkCore.DbUpdateException: An error occurred while saving the entity changes. See the inner exception for details.
 ---> Npgsql.PostgresException (0x80004005): 42804: column "action" is of type audit_action_enum but expression is of type text

POSITION: 107
   at Npgsql.Internal.NpgsqlConnector.ReadMessageLong(Boolean async, DataRowLoadingMode dataRowLoadingMode, Boolean readingNotifications, Boolean isReadingPrependedMessage)
   at System.Runtime.CompilerServices.PoolingAsyncValueTaskMethodBuilder`1.StateMachineBox`1.System.Threading.Tasks.Sources.IValueTaskSource<TResult>.GetResult(Int16 token)
   at Npgsql.NpgsqlDataReader.NextResult(Boolean async, Boolean isConsuming, CancellationToken cancellationToken)
   at Npgsql.NpgsqlDataReader.NextResult(Boolean async, Boolean isConsuming, CancellationToken cancellationToken)
   at Npgsql.NpgsqlCommand.ExecuteReader(Boolean async, CommandBehavior behavior, CancellationToken cancellationToken)
   at Npgsql.NpgsqlCommand.ExecuteReader(Boolean async, CommandBehavior behavior, CancellationToken cancellationToken)
   at Npgsql.NpgsqlCommand.ExecuteDbDataReaderAsync(CommandBehavior behavior, CancellationToken cancellationToken)
   at Microsoft.EntityFrameworkCore.Storage.RelationalCommand.ExecuteReaderAsync(RelationalCommandParameterObject parameterObject, CancellationToken cancellationToken)
   at Microsoft.EntityFrameworkCore.Storage.RelationalCommand.ExecuteReaderAsync(RelationalCommandParameterObject parameterObject, CancellationToken cancellationToken)
   at Microsoft.EntityFrameworkCore.Update.ReaderModificationCommandBatch.ExecuteAsync(IRelationalConnection connection, CancellationToken cancellationToken)
  Exception data:
    Severity: ERROR
    SqlState: 42804
    MessageText: column "action" is of type audit_action_enum but expression is of type text
    Hint: You will need to rewrite or cast the expression.
    Position: 107
    File: parse_target.c
    Line: 585
    Routine: transformAssignedExpr
   --- End of inner exception stack trace ---
   at Microsoft.EntityFrameworkCore.Update.ReaderModificationCommandBatch.ExecuteAsync(IRelationalConnection connection, CancellationToken cancellationToken)
   at Microsoft.EntityFrameworkCore.Update.Internal.BatchExecutor.ExecuteAsync(IEnumerable`1 commandBatches, IRelationalConnection connection, CancellationToken cancellationToken)
   at Microsoft.EntityFrameworkCore.Update.Internal.BatchExecutor.ExecuteAsync(IEnumerable`1 commandBatches, IRelationalConnection connection, CancellationToken cancellationToken)
   at Microsoft.EntityFrameworkCore.Update.Internal.BatchExecutor.ExecuteAsync(IEnumerable`1 commandBatches, IRelationalConnection connection, CancellationToken cancellationToken)
   at Microsoft.EntityFrameworkCore.ChangeTracking.Internal.StateManager.SaveChangesAsync(IList`1 entriesToSave, CancellationToken cancellationToken)
   at Microsoft.EntityFrameworkCore.ChangeTracking.Internal.StateManager.SaveChangesAsync(StateManager stateManager, Boolean acceptAllChangesOnSuccess, CancellationToken cancellationToken)
   at Npgsql.EntityFrameworkCore.PostgreSQL.Storage.Internal.NpgsqlExecutionStrategy.ExecuteAsync[TState,TResult](TState state, Func`4 operation, Func`4 verifySucceeded, CancellationToken cancellationToken)
   at Microsoft.EntityFrameworkCore.DbContext.SaveChangesAsync(Boolean acceptAllChangesOnSuccess, CancellationToken cancellationToken)
   at Microsoft.EntityFrameworkCore.DbContext.SaveChangesAsync(Boolean acceptAllChangesOnSuccess, CancellationToken cancellationToken)
   at StrokePrediction.Infrastructure.repositories.AuditRepository.LogAsync(Nullable`1 userId, AuditAction action, String entityType, Nullable`1 entityId, String detail, String ipAddress, CancellationToken ct) in C:\Users\PC ACER\OneDrive\Desktop\AI ML Engineer\Mini1\StrokePredictBackend\StrokePrediction.Infrastructure\repositories\AuditRepository.cs:line 33
   at StrokePrediction.API.filters.GlobalAuditFilter.LogActionAsync(ActionExecutingContext context, Object resultValue) in C:\Users\PC ACER\OneDrive\Desktop\AI ML Engineer\Mini1\StrokePredictBackend\StrokePrediction.API\filters\GlobalAuditFilter.cs:line 95
   at StrokePrediction.API.filters.GlobalAuditFilter.OnActionExecutionAsync(ActionExecutingContext context, ActionExecutionDelegate next) in C:\Users\PC ACER\OneDrive\Desktop\AI ML Engineer\Mini1\StrokePredictBackend\StrokePrediction.API\filters\GlobalAuditFilter.cs:line 34
2026-05-06 16:14:08.900 +07:00 [INF] Executing OkObjectResult, writing value of type '<>f__AnonymousType3`5[[System.Int32, System.Private.CoreLib, Version=8.0.0.0, Culture=neutral, PublicKeyToken=7cec85d7bea7798e],[System.Int32, System.Private.CoreLib, Version=8.0.0.0, Culture=neutral, PublicKeyToken=7cec85d7bea7798e],[System.Int32, System.Private.CoreLib, Version=8.0.0.0, Culture=neutral, PublicKeyToken=7cec85d7bea7798e],[System.Double, System.Private.CoreLib, Version=8.0.0.0, Culture=neutral, PublicKeyToken=7cec85d7bea7798e],[System.Collections.Generic.List`1[[<>f__AnonymousType2`5[[System.Int32, System.Private.CoreLib, Version=8.0.0.0, Culture=neutral, PublicKeyToken=7cec85d7bea7798e],[System.String, System.Private.CoreLib, Version=8.0.0.0, Culture=neutral, PublicKeyToken=7cec85d7bea7798e],[System.String, System.Private.CoreLib, Version=8.0.0.0, Culture=neutral, PublicKeyToken=7cec85d7bea7798e],[System.Decimal, System.Private.CoreLib, Version=8.0.0.0, Culture=neutral, PublicKeyToken=7cec85d7bea7798e],[System.DateTime, System.Private.CoreLib, Version=8.0.0.0, Culture=neutral, PublicKeyToken=7cec85d7bea7798e]], StrokePrediction.API, Version=1.0.0.0, Culture=neutral, PublicKeyToken=null]], System.Private.CoreLib, Version=8.0.0.0, Culture=neutral, PublicKeyToken=7cec85d7bea7798e]]'.
2026-05-06 16:14:08.914 +07:00 [INF] Executed action StrokePrediction.API.controllers.StatsController.GetDashboardStats (StrokePrediction.API) in 1705.7001ms
2026-05-06 16:14:08.917 +07:00 [INF] Executed endpoint 'StrokePrediction.API.controllers.StatsController.GetDashboardStats (StrokePrediction.API)'
2026-05-06 16:14:08.919 +07:00 [INF] ← GET /api/v1/stats/dashboard | 200 | 1725ms
2026-05-06 16:14:08.921 +07:00 [INF] Request finished HTTP/1.1 GET http://localhost:5263/api/v1/stats/dashboard - 200 null application/json; charset=utf-8 1733.0683ms
2026-05-06 16:14:21.149 +07:00 [INF] Request starting HTTP/1.1 POST http://localhost:5263/api/v1/predictions - application/json; charset=utf-8 210
2026-05-06 16:14:21.153 +07:00 [INF] → POST /api/v1/predictions | IP: ::1
2026-05-06 16:14:21.156 +07:00 [INF] Executing endpoint 'StrokePrediction.API.controllers.PredictionController.Predict (StrokePrediction.API)'
2026-05-06 16:14:21.163 +07:00 [INF] Route matched with {action = "Predict", controller = "Prediction"}. Executing controller action with signature System.Threading.Tasks.Task`1[Microsoft.AspNetCore.Mvc.IActionResult] Predict(StrokePrediction.API.dtos.PredictRequestDto, System.Threading.CancellationToken) on controller StrokePrediction.API.controllers.PredictionController (StrokePrediction.API).
2026-05-06 16:14:21.193 +07:00 [INF] Predicting stroke | Age=34, Model=stacking, UserId=null
2026-05-06 16:14:24.896 +07:00 [ERR] Ngrok API failed with status "InternalServerError": {"error":"'StackingClassifier' object has no attribute 'best_estimator_'","success":false}

2026-05-06 16:14:24.899 +07:00 [ERR] Prediction failed
System.InvalidOperationException: AI Service Error: 'StackingClassifier' object has no attribute 'best_estimator_'
   at StrokePrediction.Infrastructure.externalapi.PythonMLBridgeService.PredictAsync(PatientInput input, String modelName, CancellationToken ct) in C:\Users\PC ACER\OneDrive\Desktop\AI ML Engineer\Mini1\StrokePredictBackend\StrokePrediction.Infrastructure\external-api\PythonMLBridgeService.cs:line 87
   at StrokePrediction.Core.usecases.PredictStrokeUseCase.ExecuteAsync(PatientInput input, String modelName, String ipAddress, Nullable`1 userId, CancellationToken ct) in C:\Users\PC ACER\OneDrive\Desktop\AI ML Engineer\Mini1\StrokePredictBackend\StrokePrediction.Core\use-cases\PredictStrokeUseCase.cs:line 34
   at StrokePrediction.API.controllers.PredictionController.Predict(PredictRequestDto dto, CancellationToken ct) in C:\Users\PC ACER\OneDrive\Desktop\AI ML Engineer\Mini1\StrokePredictBackend\StrokePrediction.API\controllers\PredictionController.cs:line 59
2026-05-06 16:14:24.904 +07:00 [INF] Executing ObjectResult, writing value of type 'StrokePrediction.API.dtos.ErrorResponseDto'.
2026-05-06 16:14:24.908 +07:00 [INF] Executed action StrokePrediction.API.controllers.PredictionController.Predict (StrokePrediction.API) in 3741.3416ms
2026-05-06 16:14:24.910 +07:00 [INF] Executed endpoint 'StrokePrediction.API.controllers.PredictionController.Predict (StrokePrediction.API)'
2026-05-06 16:14:24.911 +07:00 [INF] ← POST /api/v1/predictions | 500 | 3758ms
2026-05-06 16:14:24.914 +07:00 [INF] Request finished HTTP/1.1 POST http://localhost:5263/api/v1/predictions - 500 null application/json; charset=utf-8 3764.8702ms
