2026-05-03 08:42:27.030 +07:00 [INF] === Stroke Prediction API starting ===
2026-05-03 08:42:28.161 +07:00 [INF] Supabase connection OK
2026-05-03 08:42:28.216 +07:00 [INF] Stroke Prediction API is running on http://localhost:5263
2026-05-03 08:42:28.260 +07:00 [INF] Now listening on: http://localhost:5263
2026-05-03 08:42:28.264 +07:00 [INF] Application started. Press Ctrl+C to shut down.
2026-05-03 08:42:28.266 +07:00 [INF] Hosting environment: Development
2026-05-03 08:42:28.268 +07:00 [INF] Content root path: C:\Users\PC ACER\OneDrive\Desktop\AI ML Engineer\Mini1\StrokePredictBackend\StrokePrediction.API
2026-05-03 08:48:52.312 +07:00 [INF] === Stroke Prediction API starting ===
2026-05-03 08:48:52.933 +07:00 [INF] Supabase connection OK
2026-05-03 08:48:52.977 +07:00 [INF] Stroke Prediction API is running on http://localhost:5263
2026-05-03 08:48:53.013 +07:00 [INF] Now listening on: http://localhost:5263
2026-05-03 08:48:53.017 +07:00 [INF] Application started. Press Ctrl+C to shut down.
2026-05-03 08:48:53.019 +07:00 [INF] Hosting environment: Development
2026-05-03 08:48:53.020 +07:00 [INF] Content root path: C:\Users\PC ACER\OneDrive\Desktop\AI ML Engineer\Mini1\StrokePredictBackend\StrokePrediction.API
2026-05-03 08:55:26.326 +07:00 [INF] Request starting HTTP/1.1 POST http://localhost:5263/api/v1/auth/login - application/json; charset=utf-8 40
2026-05-03 08:55:26.361 +07:00 [INF] → POST /api/v1/auth/login | IP: ::1
2026-05-03 08:55:26.380 +07:00 [INF] Executing endpoint 'StrokePrediction.API.controllers.AuthController.Login (StrokePrediction.API)'
2026-05-03 08:55:26.406 +07:00 [INF] Route matched with {action = "Login", controller = "Auth"}. Executing controller action with signature System.Threading.Tasks.Task`1[Microsoft.AspNetCore.Mvc.IActionResult] Login(StrokePrediction.API.controllers.LoginRequest) on controller StrokePrediction.API.controllers.AuthController (StrokePrediction.API).
2026-05-03 08:55:26.785 +07:00 [ERR] An exception occurred while iterating over the results of a query for context type 'StrokePrediction.Infrastructure.database.AppDbContext'.
System.ArgumentException: Couldn't set trust server certificate (Parameter 'trust server certificate')
 ---> System.FormatException: String 'true, Minimum Pool Size=2' was not recognized as a valid Boolean.
   at System.String.System.IConvertible.ToBoolean(IFormatProvider provider)
   at System.Convert.ChangeType(Object value, Type conversionType, IFormatProvider provider)
   at Npgsql.NpgsqlConnectionStringBuilder.GeneratedActions(GeneratedAction action, String keyword, Object& value)
   at Npgsql.NpgsqlConnectionStringBuilder.set_Item(String keyword, Object value)
   --- End of inner exception stack trace ---
   at Npgsql.NpgsqlConnectionStringBuilder.set_Item(String keyword, Object value)
   at System.Data.Common.DbConnectionStringBuilder.set_ConnectionString(String value)
   at Npgsql.NpgsqlConnectionStringBuilder..ctor(String connectionString)
   at Npgsql.NpgsqlConnection.SetupDataSource()
   at Npgsql.NpgsqlConnection.set_ConnectionString(String value)
   at Npgsql.NpgsqlConnection..ctor(String connectionString)
   at Npgsql.EntityFrameworkCore.PostgreSQL.Storage.Internal.NpgsqlRelationalConnection.CreateDbConnection()
   at Microsoft.EntityFrameworkCore.Storage.RelationalConnection.get_DbConnection()
   at Microsoft.EntityFrameworkCore.Storage.RelationalConnection.OpenAsync(CancellationToken cancellationToken, Boolean errorsExpected)
   at Microsoft.EntityFrameworkCore.Storage.RelationalCommand.ExecuteReaderAsync(RelationalCommandParameterObject parameterObject, CancellationToken cancellationToken)
   at Microsoft.EntityFrameworkCore.Query.Internal.SingleQueryingEnumerable`1.AsyncEnumerator.InitializeReaderAsync(AsyncEnumerator enumerator, CancellationToken cancellationToken)
   at Npgsql.EntityFrameworkCore.PostgreSQL.Storage.Internal.NpgsqlExecutionStrategy.ExecuteAsync[TState,TResult](TState state, Func`4 operation, Func`4 verifySucceeded, CancellationToken cancellationToken)
   at Microsoft.EntityFrameworkCore.Query.Internal.SingleQueryingEnumerable`1.AsyncEnumerator.MoveNextAsync()
System.ArgumentException: Couldn't set trust server certificate (Parameter 'trust server certificate')
 ---> System.FormatException: String 'true, Minimum Pool Size=2' was not recognized as a valid Boolean.
   at System.String.System.IConvertible.ToBoolean(IFormatProvider provider)
   at System.Convert.ChangeType(Object value, Type conversionType, IFormatProvider provider)
   at Npgsql.NpgsqlConnectionStringBuilder.GeneratedActions(GeneratedAction action, String keyword, Object& value)
   at Npgsql.NpgsqlConnectionStringBuilder.set_Item(String keyword, Object value)
   --- End of inner exception stack trace ---
   at Npgsql.NpgsqlConnectionStringBuilder.set_Item(String keyword, Object value)
   at System.Data.Common.DbConnectionStringBuilder.set_ConnectionString(String value)
   at Npgsql.NpgsqlConnectionStringBuilder..ctor(String connectionString)
   at Npgsql.NpgsqlConnection.SetupDataSource()
   at Npgsql.NpgsqlConnection.set_ConnectionString(String value)
   at Npgsql.NpgsqlConnection..ctor(String connectionString)
   at Npgsql.EntityFrameworkCore.PostgreSQL.Storage.Internal.NpgsqlRelationalConnection.CreateDbConnection()
   at Microsoft.EntityFrameworkCore.Storage.RelationalConnection.get_DbConnection()
   at Microsoft.EntityFrameworkCore.Storage.RelationalConnection.OpenAsync(CancellationToken cancellationToken, Boolean errorsExpected)
   at Microsoft.EntityFrameworkCore.Storage.RelationalCommand.ExecuteReaderAsync(RelationalCommandParameterObject parameterObject, CancellationToken cancellationToken)
   at Microsoft.EntityFrameworkCore.Query.Internal.SingleQueryingEnumerable`1.AsyncEnumerator.InitializeReaderAsync(AsyncEnumerator enumerator, CancellationToken cancellationToken)
   at Npgsql.EntityFrameworkCore.PostgreSQL.Storage.Internal.NpgsqlExecutionStrategy.ExecuteAsync[TState,TResult](TState state, Func`4 operation, Func`4 verifySucceeded, CancellationToken cancellationToken)
   at Microsoft.EntityFrameworkCore.Query.Internal.SingleQueryingEnumerable`1.AsyncEnumerator.MoveNextAsync()
2026-05-03 08:55:26.798 +07:00 [INF] Executed action StrokePrediction.API.controllers.AuthController.Login (StrokePrediction.API) in 386.637ms
2026-05-03 08:55:26.802 +07:00 [INF] Executed endpoint 'StrokePrediction.API.controllers.AuthController.Login (StrokePrediction.API)'
2026-05-03 08:55:26.803 +07:00 [ERR] Unhandled exception: /api/v1/auth/login
System.ArgumentException: Couldn't set trust server certificate (Parameter 'trust server certificate')
 ---> System.FormatException: String 'true, Minimum Pool Size=2' was not recognized as a valid Boolean.
   at System.String.System.IConvertible.ToBoolean(IFormatProvider provider)
   at System.Convert.ChangeType(Object value, Type conversionType, IFormatProvider provider)
   at Npgsql.NpgsqlConnectionStringBuilder.GeneratedActions(GeneratedAction action, String keyword, Object& value)
   at Npgsql.NpgsqlConnectionStringBuilder.set_Item(String keyword, Object value)
   --- End of inner exception stack trace ---
   at Npgsql.NpgsqlConnectionStringBuilder.set_Item(String keyword, Object value)
   at System.Data.Common.DbConnectionStringBuilder.set_ConnectionString(String value)
   at Npgsql.NpgsqlConnectionStringBuilder..ctor(String connectionString)
   at Npgsql.NpgsqlConnection.SetupDataSource()
   at Npgsql.NpgsqlConnection.set_ConnectionString(String value)
   at Npgsql.NpgsqlConnection..ctor(String connectionString)
   at Npgsql.EntityFrameworkCore.PostgreSQL.Storage.Internal.NpgsqlRelationalConnection.CreateDbConnection()
   at Microsoft.EntityFrameworkCore.Storage.RelationalConnection.get_DbConnection()
   at Microsoft.EntityFrameworkCore.Storage.RelationalConnection.OpenAsync(CancellationToken cancellationToken, Boolean errorsExpected)
   at Microsoft.EntityFrameworkCore.Storage.RelationalCommand.ExecuteReaderAsync(RelationalCommandParameterObject parameterObject, CancellationToken cancellationToken)
   at Microsoft.EntityFrameworkCore.Query.Internal.SingleQueryingEnumerable`1.AsyncEnumerator.InitializeReaderAsync(AsyncEnumerator enumerator, CancellationToken cancellationToken)
   at Npgsql.EntityFrameworkCore.PostgreSQL.Storage.Internal.NpgsqlExecutionStrategy.ExecuteAsync[TState,TResult](TState state, Func`4 operation, Func`4 verifySucceeded, CancellationToken cancellationToken)
   at Microsoft.EntityFrameworkCore.Query.Internal.SingleQueryingEnumerable`1.AsyncEnumerator.MoveNextAsync()
   at Microsoft.EntityFrameworkCore.Query.ShapedQueryCompilingExpressionVisitor.SingleOrDefaultAsync[TSource](IAsyncEnumerable`1 asyncEnumerable, CancellationToken cancellationToken)
   at Microsoft.EntityFrameworkCore.Query.ShapedQueryCompilingExpressionVisitor.SingleOrDefaultAsync[TSource](IAsyncEnumerable`1 asyncEnumerable, CancellationToken cancellationToken)
   at StrokePrediction.API.controllers.AuthController.Login(LoginRequest req) in C:\Users\PC ACER\OneDrive\Desktop\AI ML Engineer\Mini1\StrokePredictBackend\StrokePrediction.API\controllers\AuthController.cs:line 23
   at Microsoft.AspNetCore.Mvc.Infrastructure.ActionMethodExecutor.TaskOfIActionResultExecutor.Execute(ActionContext actionContext, IActionResultTypeMapper mapper, ObjectMethodExecutor executor, Object controller, Object[] arguments)
   at Microsoft.AspNetCore.Mvc.Infrastructure.ControllerActionInvoker.<InvokeActionMethodAsync>g__Awaited|12_0(ControllerActionInvoker invoker, ValueTask`1 actionResultValueTask)
   at Microsoft.AspNetCore.Mvc.Infrastructure.ControllerActionInvoker.<InvokeNextActionFilterAsync>g__Awaited|10_0(ControllerActionInvoker invoker, Task lastTask, State next, Scope scope, Object state, Boolean isCompleted)
   at Microsoft.AspNetCore.Mvc.Infrastructure.ControllerActionInvoker.Rethrow(ActionExecutedContextSealed context)
   at Microsoft.AspNetCore.Mvc.Infrastructure.ControllerActionInvoker.Next(State& next, Scope& scope, Object& state, Boolean& isCompleted)
   at Microsoft.AspNetCore.Mvc.Infrastructure.ControllerActionInvoker.InvokeInnerFilterAsync()
--- End of stack trace from previous location ---
   at Microsoft.AspNetCore.Mvc.Infrastructure.ResourceInvoker.<InvokeFilterPipelineAsync>g__Awaited|20_0(ResourceInvoker invoker, Task lastTask, State next, Scope scope, Object state, Boolean isCompleted)
   at Microsoft.AspNetCore.Mvc.Infrastructure.ResourceInvoker.<InvokeAsync>g__Logged|17_1(ResourceInvoker invoker)
   at Microsoft.AspNetCore.Mvc.Infrastructure.ResourceInvoker.<InvokeAsync>g__Logged|17_1(ResourceInvoker invoker)
   at Microsoft.AspNetCore.Routing.EndpointMiddleware.<Invoke>g__AwaitRequestTask|7_0(Endpoint endpoint, Task requestTask, ILogger logger)
   at Microsoft.AspNetCore.Authorization.AuthorizationMiddleware.Invoke(HttpContext context)
   at Swashbuckle.AspNetCore.SwaggerUI.SwaggerUIMiddleware.Invoke(HttpContext httpContext)
   at Swashbuckle.AspNetCore.Swagger.SwaggerMiddleware.Invoke(HttpContext httpContext, ISwaggerProvider swaggerProvider)
   at StrokePrediction.API.middlewares.RequestLoggingMiddleware.InvokeAsync(HttpContext context) in C:\Users\PC ACER\OneDrive\Desktop\AI ML Engineer\Mini1\StrokePredictBackend\StrokePrediction.API\middlewares\RequestLoggingMiddleware.cs:line 29
   at StrokePrediction.API.middlewares.GlobalExceptionMiddleware.InvokeAsync(HttpContext context) in C:\Users\PC ACER\OneDrive\Desktop\AI ML Engineer\Mini1\StrokePredictBackend\StrokePrediction.API\middlewares\GlobalExceptionMiddleware.cs:line 30
2026-05-03 08:55:26.840 +07:00 [INF] Request finished HTTP/1.1 POST http://localhost:5263/api/v1/auth/login - 400 null application/json 516.2526ms
